<?xml version="1.0" encoding="UTF-8"?>
<!-- Generated by org.testng.reporters.JUnitReportReporter -->
<testsuite hostname="SEZLP536" failures="0" tests="2" name="testsclass.Logintosalesforce" time="30.141" errors="0" timestamp="2022-11-26T13:58:31 IST" skipped="0">
  <testcase classname="testsclass.Logintosalesforce" name="logintosa" time="4.700"/>
  <system-out/>
  <testcase classname="testsclass.Logintosalesforce" name="browsersetuup" time="25.441"/>
  <system-out/>
</testsuite> <!-- testsclass.Logintosalesforce -->
