<?xml version="1.0" encoding="UTF-8"?>
<!-- Generated by org.testng.reporters.JUnitReportReporter -->
<testsuite hostname="SEZLP536" failures="0" tests="1" name="testsclass.BaseTest" time="22.767" errors="0" timestamp="2022-11-26T13:53:36 IST" skipped="0">
  <testcase classname="testsclass.BaseTest" name="browsersetuup" time="22.767"/>
  <system-out/>
</testsuite> <!-- testsclass.BaseTest -->
