<?xml version="1.0" encoding="UTF-8"?>
<!-- Generated by org.testng.reporters.JUnitReportReporter -->
<testsuite hostname="SEZLP536" failures="0" tests="1" name="testsclass.TS_LHL_001" time="58.804" errors="0" timestamp="2022-11-26T14:07:33 IST" skipped="0">
  <testcase classname="testsclass.TS_LHL_001" name="ts_lhl_001" time="58.804"/>
  <system-out/>
</testsuite> <!-- testsclass.TS_LHL_001 -->
