<?xml version="1.0" encoding="UTF-8"?>
<!-- Generated by org.testng.reporters.JUnitReportReporter -->
<testsuite hostname="DESKTOP-JGVK91I" failures="0" tests="1" name="TestCases.Login" time="24.827" errors="0" timestamp="2021-11-16T14:08:49 IST" skipped="0">
  <testcase classname="TestCases.Login" name="Tc_IESP_001" time="24.827"/>
  <system-out/>
</testsuite> <!-- TestCases.Login -->
